<?xml version="1.0" encoding="UTF-8"?>
<!-- Generated by org.testng.reporters.JUnitReportReporter -->
<testsuite skipped="0" hostname="DESKTOP-QKEFB85" name="testngsamples.DataProviderExample" tests="6" failures="0" timestamp="2022-09-29T10:16:10 IST" time="36.212" errors="3">
  <testcase name="setData" time="0.013" classname="testngsamples.DataProviderExample"/>
  <system-out/>
  <testcase name="setData" time="0.003" classname="testngsamples.DataProviderExample"/>
  <system-out/>
  <testcase name="testLoginOfVtiger" time="5.870" classname="testngsamples.DataProviderExample">
    <error type="org.openqa.selenium.SessionNotCreatedException" message="session not created: This version of ChromeDriver only supports Chrome version 106
Current browser version is 105.0.5195.127 with binary path C:\Program Files\Google\Chrome\Application\chrome.exe
Build info: version: &#039;3.141.59&#039;, revision: &#039;e82be7d358&#039;, time: &#039;2018-11-14T08:17:03&#039;
System info: host: &#039;DESKTOP-QKEFB85&#039;, ip: &#039;192.168.43.148&#039;, os.name: &#039;Windows 10&#039;, os.arch: &#039;amd64&#039;, os.version: &#039;10.0&#039;, java.version: &#039;1.8.0_333&#039;
Driver info: driver.version: ChromeDriver
remote stacktrace: Backtrace:
	Ordinal0 [0x00311ED3+2236115]
	Ordinal0 [0x002A92F1+1807089]
	Ordinal0 [0x001B66FD+812797]
	Ordinal0 [0x001D8C6D+953453]
	Ordinal0 [0x001D4200+934400]
	Ordinal0 [0x001D19C9+924105]
	Ordinal0 [0x0020806C+1146988]
	Ordinal0 [0x00207A6A+1145450]
	Ordinal0 [0x002018A6+1120422]
	Ordinal0 [0x001DA73D+960317]
	Ordinal0 [0x001DB71F+964383]
	GetHandleVerifier [0x005BE7E2+2743074]
	GetHandleVerifier [0x005B08D4+2685972]
	GetHandleVerifier [0x003A2BAA+532202]
	GetHandleVerifier [0x003A1990+527568]
	Ordinal0 [0x002B080C+1837068]
	Ordinal0 [0x002B4CD8+1854680]
	Ordinal0 [0x002B4DC5+1854917]
	Ordinal0 [0x002BED64+1895780]
	BaseThreadInitThunk [0x7790FA29+25]
	RtlGetAppContainerNamedObjectPath [0x77CF7B5E+286]
	RtlGetAppContainerNamedObjectPath [0x77CF7B2E+238]
	(No symbol) [0x00000000]
">
      <![CDATA[org.openqa.selenium.SessionNotCreatedException: session not created: This version of ChromeDriver only supports Chrome version 106
Current browser version is 105.0.5195.127 with binary path C:\Program Files\Google\Chrome\Application\chrome.exe
Build info: version: '3.141.59', revision: 'e82be7d358', time: '2018-11-14T08:17:03'
System info: host: 'DESKTOP-QKEFB85', ip: '192.168.43.148', os.name: 'Windows 10', os.arch: 'amd64', os.version: '10.0', java.version: '1.8.0_333'
Driver info: driver.version: ChromeDriver
remote stacktrace: Backtrace:
Ordinal0 [0x00311ED3+2236115]
Ordinal0 [0x002A92F1+1807089]
Ordinal0 [0x001B66FD+812797]
Ordinal0 [0x001D8C6D+953453]
Ordinal0 [0x001D4200+934400]
Ordinal0 [0x001D19C9+924105]
Ordinal0 [0x0020806C+1146988]
Ordinal0 [0x00207A6A+1145450]
Ordinal0 [0x002018A6+1120422]
Ordinal0 [0x001DA73D+960317]
Ordinal0 [0x001DB71F+964383]
GetHandleVerifier [0x005BE7E2+2743074]
GetHandleVerifier [0x005B08D4+2685972]
GetHandleVerifier [0x003A2BAA+532202]
GetHandleVerifier [0x003A1990+527568]
Ordinal0 [0x002B080C+1837068]
Ordinal0 [0x002B4CD8+1854680]
Ordinal0 [0x002B4DC5+1854917]
Ordinal0 [0x002BED64+1895780]
BaseThreadInitThunk [0x7790FA29+25]
RtlGetAppContainerNamedObjectPath [0x77CF7B5E+286]
RtlGetAppContainerNamedObjectPath [0x77CF7B2E+238]
(No symbol) [0x00000000]

at sun.reflect.NativeConstructorAccessorImpl.newInstance0(Native Method)
at sun.reflect.NativeConstructorAccessorImpl.newInstance(NativeConstructorAccessorImpl.java:62)
at sun.reflect.DelegatingConstructorAccessorImpl.newInstance(DelegatingConstructorAccessorImpl.java:45)
at java.lang.reflect.Constructor.newInstance(Constructor.java:423)
at org.openqa.selenium.remote.W3CHandshakeResponse.lambda$errorHandler$0(W3CHandshakeResponse.java:62)
at org.openqa.selenium.remote.HandshakeResponse.lambda$getResponseFunction$0(HandshakeResponse.java:30)
at org.openqa.selenium.remote.ProtocolHandshake.lambda$createSession$0(ProtocolHandshake.java:126)
at java.util.stream.ReferencePipeline$3$1.accept(ReferencePipeline.java:193)
at java.util.Spliterators$ArraySpliterator.tryAdvance(Spliterators.java:958)
at java.util.stream.ReferencePipeline.forEachWithCancel(ReferencePipeline.java:126)
at java.util.stream.AbstractPipeline.copyIntoWithCancel(AbstractPipeline.java:499)
at java.util.stream.AbstractPipeline.copyInto(AbstractPipeline.java:486)
at java.util.stream.AbstractPipeline.wrapAndCopyInto(AbstractPipeline.java:472)
at java.util.stream.FindOps$FindOp.evaluateSequential(FindOps.java:152)
at java.util.stream.AbstractPipeline.evaluate(AbstractPipeline.java:234)
at java.util.stream.ReferencePipeline.findFirst(ReferencePipeline.java:464)
at org.openqa.selenium.remote.ProtocolHandshake.createSession(ProtocolHandshake.java:128)
at org.openqa.selenium.remote.ProtocolHandshake.createSession(ProtocolHandshake.java:74)
at org.openqa.selenium.remote.HttpCommandExecutor.execute(HttpCommandExecutor.java:136)
at org.openqa.selenium.remote.service.DriverCommandExecutor.execute(DriverCommandExecutor.java:83)
at org.openqa.selenium.remote.RemoteWebDriver.execute(RemoteWebDriver.java:552)
at org.openqa.selenium.remote.RemoteWebDriver.startSession(RemoteWebDriver.java:213)
at org.openqa.selenium.remote.RemoteWebDriver.<init>(RemoteWebDriver.java:131)
at org.openqa.selenium.chrome.ChromeDriver.<init>(ChromeDriver.java:181)
at org.openqa.selenium.chrome.ChromeDriver.<init>(ChromeDriver.java:168)
at org.openqa.selenium.chrome.ChromeDriver.<init>(ChromeDriver.java:123)
at utilities.SeleniumUtility.setUp(SeleniumUtility.java:39)
at testngsamples.DataProviderExample.testLoginOfVtiger(DataProviderExample.java:25)
at sun.reflect.NativeMethodAccessorImpl.invoke0(Native Method)
at sun.reflect.NativeMethodAccessorImpl.invoke(NativeMethodAccessorImpl.java:62)
at sun.reflect.DelegatingMethodAccessorImpl.invoke(DelegatingMethodAccessorImpl.java:43)
at java.lang.reflect.Method.invoke(Method.java:498)
at org.testng.internal.MethodInvocationHelper.invokeMethod(MethodInvocationHelper.java:133)
at org.testng.internal.TestInvoker.invokeMethod(TestInvoker.java:598)
at org.testng.internal.TestInvoker.invokeTestMethod(TestInvoker.java:173)
at org.testng.internal.MethodRunner.runInSequence(MethodRunner.java:46)
at org.testng.internal.TestInvoker$MethodInvocationAgent.invoke(TestInvoker.java:824)
at org.testng.internal.TestInvoker.invokeTestMethods(TestInvoker.java:146)
at org.testng.internal.TestMethodWorker.invokeTestMethods(TestMethodWorker.java:146)
at org.testng.internal.TestMethodWorker.run(TestMethodWorker.java:128)
at java.util.ArrayList.forEach(ArrayList.java:1259)
at org.testng.TestRunner.privateRun(TestRunner.java:794)
at org.testng.TestRunner.run(TestRunner.java:596)
at org.testng.SuiteRunner.runTest(SuiteRunner.java:377)
at org.testng.SuiteRunner.runSequentially(SuiteRunner.java:371)
at org.testng.SuiteRunner.privateRun(SuiteRunner.java:332)
at org.testng.SuiteRunner.run(SuiteRunner.java:276)
at org.testng.SuiteRunnerWorker.runSuite(SuiteRunnerWorker.java:53)
at org.testng.SuiteRunnerWorker.run(SuiteRunnerWorker.java:96)
at org.testng.TestNG.runSuitesSequentially(TestNG.java:1212)
at org.testng.TestNG.runSuitesLocally(TestNG.java:1134)
at org.testng.TestNG.runSuites(TestNG.java:1063)
at org.testng.TestNG.run(TestNG.java:1031)
at org.testng.remote.AbstractRemoteTestNG.run(AbstractRemoteTestNG.java:115)
at org.testng.remote.RemoteTestNG.initAndRun(RemoteTestNG.java:251)
at org.testng.remote.RemoteTestNG.main(RemoteTestNG.java:77)
]]>
    </error>
  </testcase> <!-- testLoginOfVtiger -->
  <system-out/>
  <testcase name="setData" time="0.006" classname="testngsamples.DataProviderExample"/>
  <system-out/>
  <testcase name="testLoginOfVtiger" time="27.492" classname="testngsamples.DataProviderExample">
    <error type="org.openqa.selenium.SessionNotCreatedException" message="session not created: This version of ChromeDriver only supports Chrome version 106
Current browser version is 105.0.5195.127 with binary path C:\Program Files\Google\Chrome\Application\chrome.exe
Build info: version: &#039;3.141.59&#039;, revision: &#039;e82be7d358&#039;, time: &#039;2018-11-14T08:17:03&#039;
System info: host: &#039;DESKTOP-QKEFB85&#039;, ip: &#039;192.168.43.148&#039;, os.name: &#039;Windows 10&#039;, os.arch: &#039;amd64&#039;, os.version: &#039;10.0&#039;, java.version: &#039;1.8.0_333&#039;
Driver info: driver.version: ChromeDriver
remote stacktrace: Backtrace:
	Ordinal0 [0x00311ED3+2236115]
	Ordinal0 [0x002A92F1+1807089]
	Ordinal0 [0x001B66FD+812797]
	Ordinal0 [0x001D8C6D+953453]
	Ordinal0 [0x001D4200+934400]
	Ordinal0 [0x001D19C9+924105]
	Ordinal0 [0x0020806C+1146988]
	Ordinal0 [0x00207A6A+1145450]
	Ordinal0 [0x002018A6+1120422]
	Ordinal0 [0x001DA73D+960317]
	Ordinal0 [0x001DB71F+964383]
	GetHandleVerifier [0x005BE7E2+2743074]
	GetHandleVerifier [0x005B08D4+2685972]
	GetHandleVerifier [0x003A2BAA+532202]
	GetHandleVerifier [0x003A1990+527568]
	Ordinal0 [0x002B080C+1837068]
	Ordinal0 [0x002B4CD8+1854680]
	Ordinal0 [0x002B4DC5+1854917]
	Ordinal0 [0x002BED64+1895780]
	BaseThreadInitThunk [0x7790FA29+25]
	RtlGetAppContainerNamedObjectPath [0x77CF7B5E+286]
	RtlGetAppContainerNamedObjectPath [0x77CF7B2E+238]
	(No symbol) [0x00000000]
">
      <![CDATA[org.openqa.selenium.SessionNotCreatedException: session not created: This version of ChromeDriver only supports Chrome version 106
Current browser version is 105.0.5195.127 with binary path C:\Program Files\Google\Chrome\Application\chrome.exe
Build info: version: '3.141.59', revision: 'e82be7d358', time: '2018-11-14T08:17:03'
System info: host: 'DESKTOP-QKEFB85', ip: '192.168.43.148', os.name: 'Windows 10', os.arch: 'amd64', os.version: '10.0', java.version: '1.8.0_333'
Driver info: driver.version: ChromeDriver
remote stacktrace: Backtrace:
Ordinal0 [0x00311ED3+2236115]
Ordinal0 [0x002A92F1+1807089]
Ordinal0 [0x001B66FD+812797]
Ordinal0 [0x001D8C6D+953453]
Ordinal0 [0x001D4200+934400]
Ordinal0 [0x001D19C9+924105]
Ordinal0 [0x0020806C+1146988]
Ordinal0 [0x00207A6A+1145450]
Ordinal0 [0x002018A6+1120422]
Ordinal0 [0x001DA73D+960317]
Ordinal0 [0x001DB71F+964383]
GetHandleVerifier [0x005BE7E2+2743074]
GetHandleVerifier [0x005B08D4+2685972]
GetHandleVerifier [0x003A2BAA+532202]
GetHandleVerifier [0x003A1990+527568]
Ordinal0 [0x002B080C+1837068]
Ordinal0 [0x002B4CD8+1854680]
Ordinal0 [0x002B4DC5+1854917]
Ordinal0 [0x002BED64+1895780]
BaseThreadInitThunk [0x7790FA29+25]
RtlGetAppContainerNamedObjectPath [0x77CF7B5E+286]
RtlGetAppContainerNamedObjectPath [0x77CF7B2E+238]
(No symbol) [0x00000000]

at sun.reflect.NativeConstructorAccessorImpl.newInstance0(Native Method)
at sun.reflect.NativeConstructorAccessorImpl.newInstance(NativeConstructorAccessorImpl.java:62)
at sun.reflect.DelegatingConstructorAccessorImpl.newInstance(DelegatingConstructorAccessorImpl.java:45)
at java.lang.reflect.Constructor.newInstance(Constructor.java:423)
at org.openqa.selenium.remote.W3CHandshakeResponse.lambda$errorHandler$0(W3CHandshakeResponse.java:62)
at org.openqa.selenium.remote.HandshakeResponse.lambda$getResponseFunction$0(HandshakeResponse.java:30)
at org.openqa.selenium.remote.ProtocolHandshake.lambda$createSession$0(ProtocolHandshake.java:126)
at java.util.stream.ReferencePipeline$3$1.accept(ReferencePipeline.java:193)
at java.util.Spliterators$ArraySpliterator.tryAdvance(Spliterators.java:958)
at java.util.stream.ReferencePipeline.forEachWithCancel(ReferencePipeline.java:126)
at java.util.stream.AbstractPipeline.copyIntoWithCancel(AbstractPipeline.java:499)
at java.util.stream.AbstractPipeline.copyInto(AbstractPipeline.java:486)
at java.util.stream.AbstractPipeline.wrapAndCopyInto(AbstractPipeline.java:472)
at java.util.stream.FindOps$FindOp.evaluateSequential(FindOps.java:152)
at java.util.stream.AbstractPipeline.evaluate(AbstractPipeline.java:234)
at java.util.stream.ReferencePipeline.findFirst(ReferencePipeline.java:464)
at org.openqa.selenium.remote.ProtocolHandshake.createSession(ProtocolHandshake.java:128)
at org.openqa.selenium.remote.ProtocolHandshake.createSession(ProtocolHandshake.java:74)
at org.openqa.selenium.remote.HttpCommandExecutor.execute(HttpCommandExecutor.java:136)
at org.openqa.selenium.remote.service.DriverCommandExecutor.execute(DriverCommandExecutor.java:83)
at org.openqa.selenium.remote.RemoteWebDriver.execute(RemoteWebDriver.java:552)
at org.openqa.selenium.remote.RemoteWebDriver.startSession(RemoteWebDriver.java:213)
at org.openqa.selenium.remote.RemoteWebDriver.<init>(RemoteWebDriver.java:131)
at org.openqa.selenium.chrome.ChromeDriver.<init>(ChromeDriver.java:181)
at org.openqa.selenium.chrome.ChromeDriver.<init>(ChromeDriver.java:168)
at org.openqa.selenium.chrome.ChromeDriver.<init>(ChromeDriver.java:123)
at utilities.SeleniumUtility.setUp(SeleniumUtility.java:39)
at testngsamples.DataProviderExample.testLoginOfVtiger(DataProviderExample.java:25)
at sun.reflect.NativeMethodAccessorImpl.invoke0(Native Method)
at sun.reflect.NativeMethodAccessorImpl.invoke(NativeMethodAccessorImpl.java:62)
at sun.reflect.DelegatingMethodAccessorImpl.invoke(DelegatingMethodAccessorImpl.java:43)
at java.lang.reflect.Method.invoke(Method.java:498)
at org.testng.internal.MethodInvocationHelper.invokeMethod(MethodInvocationHelper.java:133)
at org.testng.internal.TestInvoker.invokeMethod(TestInvoker.java:598)
at org.testng.internal.TestInvoker.invokeTestMethod(TestInvoker.java:173)
at org.testng.internal.MethodRunner.runInSequence(MethodRunner.java:46)
at org.testng.internal.TestInvoker$MethodInvocationAgent.invoke(TestInvoker.java:824)
at org.testng.internal.TestInvoker.invokeTestMethods(TestInvoker.java:146)
at org.testng.internal.TestMethodWorker.invokeTestMethods(TestMethodWorker.java:146)
at org.testng.internal.TestMethodWorker.run(TestMethodWorker.java:128)
at java.util.ArrayList.forEach(ArrayList.java:1259)
at org.testng.TestRunner.privateRun(TestRunner.java:794)
at org.testng.TestRunner.run(TestRunner.java:596)
at org.testng.SuiteRunner.runTest(SuiteRunner.java:377)
at org.testng.SuiteRunner.runSequentially(SuiteRunner.java:371)
at org.testng.SuiteRunner.privateRun(SuiteRunner.java:332)
at org.testng.SuiteRunner.run(SuiteRunner.java:276)
at org.testng.SuiteRunnerWorker.runSuite(SuiteRunnerWorker.java:53)
at org.testng.SuiteRunnerWorker.run(SuiteRunnerWorker.java:96)
at org.testng.TestNG.runSuitesSequentially(TestNG.java:1212)
at org.testng.TestNG.runSuitesLocally(TestNG.java:1134)
at org.testng.TestNG.runSuites(TestNG.java:1063)
at org.testng.TestNG.run(TestNG.java:1031)
at org.testng.remote.AbstractRemoteTestNG.run(AbstractRemoteTestNG.java:115)
at org.testng.remote.RemoteTestNG.initAndRun(RemoteTestNG.java:251)
at org.testng.remote.RemoteTestNG.main(RemoteTestNG.java:77)
]]>
    </error>
  </testcase> <!-- testLoginOfVtiger -->
  <system-out/>
  <testcase name="testLoginOfVtiger" time="2.828" classname="testngsamples.DataProviderExample">
    <error type="org.openqa.selenium.SessionNotCreatedException" message="session not created: This version of ChromeDriver only supports Chrome version 106
Current browser version is 105.0.5195.127 with binary path C:\Program Files\Google\Chrome\Application\chrome.exe
Build info: version: &#039;3.141.59&#039;, revision: &#039;e82be7d358&#039;, time: &#039;2018-11-14T08:17:03&#039;
System info: host: &#039;DESKTOP-QKEFB85&#039;, ip: &#039;192.168.43.148&#039;, os.name: &#039;Windows 10&#039;, os.arch: &#039;amd64&#039;, os.version: &#039;10.0&#039;, java.version: &#039;1.8.0_333&#039;
Driver info: driver.version: ChromeDriver
remote stacktrace: Backtrace:
	Ordinal0 [0x00311ED3+2236115]
	Ordinal0 [0x002A92F1+1807089]
	Ordinal0 [0x001B66FD+812797]
	Ordinal0 [0x001D8C6D+953453]
	Ordinal0 [0x001D4200+934400]
	Ordinal0 [0x001D19C9+924105]
	Ordinal0 [0x0020806C+1146988]
	Ordinal0 [0x00207A6A+1145450]
	Ordinal0 [0x002018A6+1120422]
	Ordinal0 [0x001DA73D+960317]
	Ordinal0 [0x001DB71F+964383]
	GetHandleVerifier [0x005BE7E2+2743074]
	GetHandleVerifier [0x005B08D4+2685972]
	GetHandleVerifier [0x003A2BAA+532202]
	GetHandleVerifier [0x003A1990+527568]
	Ordinal0 [0x002B080C+1837068]
	Ordinal0 [0x002B4CD8+1854680]
	Ordinal0 [0x002B4DC5+1854917]
	Ordinal0 [0x002BED64+1895780]
	BaseThreadInitThunk [0x7790FA29+25]
	RtlGetAppContainerNamedObjectPath [0x77CF7B5E+286]
	RtlGetAppContainerNamedObjectPath [0x77CF7B2E+238]
	(No symbol) [0x00000000]
">
      <![CDATA[org.openqa.selenium.SessionNotCreatedException: session not created: This version of ChromeDriver only supports Chrome version 106
Current browser version is 105.0.5195.127 with binary path C:\Program Files\Google\Chrome\Application\chrome.exe
Build info: version: '3.141.59', revision: 'e82be7d358', time: '2018-11-14T08:17:03'
System info: host: 'DESKTOP-QKEFB85', ip: '192.168.43.148', os.name: 'Windows 10', os.arch: 'amd64', os.version: '10.0', java.version: '1.8.0_333'
Driver info: driver.version: ChromeDriver
remote stacktrace: Backtrace:
Ordinal0 [0x00311ED3+2236115]
Ordinal0 [0x002A92F1+1807089]
Ordinal0 [0x001B66FD+812797]
Ordinal0 [0x001D8C6D+953453]
Ordinal0 [0x001D4200+934400]
Ordinal0 [0x001D19C9+924105]
Ordinal0 [0x0020806C+1146988]
Ordinal0 [0x00207A6A+1145450]
Ordinal0 [0x002018A6+1120422]
Ordinal0 [0x001DA73D+960317]
Ordinal0 [0x001DB71F+964383]
GetHandleVerifier [0x005BE7E2+2743074]
GetHandleVerifier [0x005B08D4+2685972]
GetHandleVerifier [0x003A2BAA+532202]
GetHandleVerifier [0x003A1990+527568]
Ordinal0 [0x002B080C+1837068]
Ordinal0 [0x002B4CD8+1854680]
Ordinal0 [0x002B4DC5+1854917]
Ordinal0 [0x002BED64+1895780]
BaseThreadInitThunk [0x7790FA29+25]
RtlGetAppContainerNamedObjectPath [0x77CF7B5E+286]
RtlGetAppContainerNamedObjectPath [0x77CF7B2E+238]
(No symbol) [0x00000000]

at sun.reflect.NativeConstructorAccessorImpl.newInstance0(Native Method)
at sun.reflect.NativeConstructorAccessorImpl.newInstance(NativeConstructorAccessorImpl.java:62)
at sun.reflect.DelegatingConstructorAccessorImpl.newInstance(DelegatingConstructorAccessorImpl.java:45)
at java.lang.reflect.Constructor.newInstance(Constructor.java:423)
at org.openqa.selenium.remote.W3CHandshakeResponse.lambda$errorHandler$0(W3CHandshakeResponse.java:62)
at org.openqa.selenium.remote.HandshakeResponse.lambda$getResponseFunction$0(HandshakeResponse.java:30)
at org.openqa.selenium.remote.ProtocolHandshake.lambda$createSession$0(ProtocolHandshake.java:126)
at java.util.stream.ReferencePipeline$3$1.accept(ReferencePipeline.java:193)
at java.util.Spliterators$ArraySpliterator.tryAdvance(Spliterators.java:958)
at java.util.stream.ReferencePipeline.forEachWithCancel(ReferencePipeline.java:126)
at java.util.stream.AbstractPipeline.copyIntoWithCancel(AbstractPipeline.java:499)
at java.util.stream.AbstractPipeline.copyInto(AbstractPipeline.java:486)
at java.util.stream.AbstractPipeline.wrapAndCopyInto(AbstractPipeline.java:472)
at java.util.stream.FindOps$FindOp.evaluateSequential(FindOps.java:152)
at java.util.stream.AbstractPipeline.evaluate(AbstractPipeline.java:234)
at java.util.stream.ReferencePipeline.findFirst(ReferencePipeline.java:464)
at org.openqa.selenium.remote.ProtocolHandshake.createSession(ProtocolHandshake.java:128)
at org.openqa.selenium.remote.ProtocolHandshake.createSession(ProtocolHandshake.java:74)
at org.openqa.selenium.remote.HttpCommandExecutor.execute(HttpCommandExecutor.java:136)
at org.openqa.selenium.remote.service.DriverCommandExecutor.execute(DriverCommandExecutor.java:83)
at org.openqa.selenium.remote.RemoteWebDriver.execute(RemoteWebDriver.java:552)
at org.openqa.selenium.remote.RemoteWebDriver.startSession(RemoteWebDriver.java:213)
at org.openqa.selenium.remote.RemoteWebDriver.<init>(RemoteWebDriver.java:131)
at org.openqa.selenium.chrome.ChromeDriver.<init>(ChromeDriver.java:181)
at org.openqa.selenium.chrome.ChromeDriver.<init>(ChromeDriver.java:168)
at org.openqa.selenium.chrome.ChromeDriver.<init>(ChromeDriver.java:123)
at utilities.SeleniumUtility.setUp(SeleniumUtility.java:39)
at testngsamples.DataProviderExample.testLoginOfVtiger(DataProviderExample.java:25)
at sun.reflect.NativeMethodAccessorImpl.invoke0(Native Method)
at sun.reflect.NativeMethodAccessorImpl.invoke(NativeMethodAccessorImpl.java:62)
at sun.reflect.DelegatingMethodAccessorImpl.invoke(DelegatingMethodAccessorImpl.java:43)
at java.lang.reflect.Method.invoke(Method.java:498)
at org.testng.internal.MethodInvocationHelper.invokeMethod(MethodInvocationHelper.java:133)
at org.testng.internal.TestInvoker.invokeMethod(TestInvoker.java:598)
at org.testng.internal.TestInvoker.invokeTestMethod(TestInvoker.java:173)
at org.testng.internal.MethodRunner.runInSequence(MethodRunner.java:46)
at org.testng.internal.TestInvoker$MethodInvocationAgent.invoke(TestInvoker.java:824)
at org.testng.internal.TestInvoker.invokeTestMethods(TestInvoker.java:146)
at org.testng.internal.TestMethodWorker.invokeTestMethods(TestMethodWorker.java:146)
at org.testng.internal.TestMethodWorker.run(TestMethodWorker.java:128)
at java.util.ArrayList.forEach(ArrayList.java:1259)
at org.testng.TestRunner.privateRun(TestRunner.java:794)
at org.testng.TestRunner.run(TestRunner.java:596)
at org.testng.SuiteRunner.runTest(SuiteRunner.java:377)
at org.testng.SuiteRunner.runSequentially(SuiteRunner.java:371)
at org.testng.SuiteRunner.privateRun(SuiteRunner.java:332)
at org.testng.SuiteRunner.run(SuiteRunner.java:276)
at org.testng.SuiteRunnerWorker.runSuite(SuiteRunnerWorker.java:53)
at org.testng.SuiteRunnerWorker.run(SuiteRunnerWorker.java:96)
at org.testng.TestNG.runSuitesSequentially(TestNG.java:1212)
at org.testng.TestNG.runSuitesLocally(TestNG.java:1134)
at org.testng.TestNG.runSuites(TestNG.java:1063)
at org.testng.TestNG.run(TestNG.java:1031)
at org.testng.remote.AbstractRemoteTestNG.run(AbstractRemoteTestNG.java:115)
at org.testng.remote.RemoteTestNG.initAndRun(RemoteTestNG.java:251)
at org.testng.remote.RemoteTestNG.main(RemoteTestNG.java:77)
]]>
    </error>
  </testcase> <!-- testLoginOfVtiger -->
  <system-out/>
</testsuite> <!-- testngsamples.DataProviderExample -->
